app/build/intermediates/manifest_merge_blame_file/debug/manifest-merger-blame-debug-report.txt
1<?xml version="1.0" encoding="utf-8"?>
2<manifest xmlns:android="http://schemas.android.com/apk/res/android"
3    package="com.example.android_gearbox_recyclerview"
4    android:versionCode="1"
5    android:versionName="1.0" >
6
7    <uses-sdk
8        android:minSdkVersion="16"
8-->src\main\AndroidManifest.xml
9        android:targetSdkVersion="29" />
9-->src\main\AndroidManifest.xml
10
11    <application
11-->src\main\AndroidManifest.xml:5:5-27:19
12        android:allowBackup="true"
12-->src\main\AndroidManifest.xml:6:9-35
13        android:appComponentFactory="androidx.core.app.CoreComponentFactory"
13-->[androidx.core:core:1.1.0] AndroidManifest.xml:24:18-86
14        android:debuggable="true"
15        android:icon="@mipmap/ic_launcher"
15-->src\main\AndroidManifest.xml:7:9-43
16        android:label="@string/app_name"
16-->src\main\AndroidManifest.xml:8:9-41
17        android:roundIcon="@mipmap/ic_launcher_round"
17-->src\main\AndroidManifest.xml:9:9-54
18        android:supportsRtl="true"
18-->src\main\AndroidManifest.xml:10:9-35
19        android:theme="@style/AppTheme" >
19-->src\main\AndroidManifest.xml:11:9-40
20        <activity android:name="com.example.android_gearbox_recyclerview.MainActivity" >
20-->src\main\AndroidManifest.xml:12:9-17:20
20-->src\main\AndroidManifest.xml:12:19-47
21            <intent-filter>
21-->src\main\AndroidManifest.xml:13:17-16:33
22                <action android:name="android.intent.action.MAIN" />
22-->src\main\AndroidManifest.xml:14:21-73
22-->src\main\AndroidManifest.xml:14:29-70
23
24                <category android:name="android.intent.category.LAUNCHER" />
24-->src\main\AndroidManifest.xml:15:21-81
24-->src\main\AndroidManifest.xml:15:31-78
25            </intent-filter>
26        </activity>
27        <activity android:name="com.example.android_gearbox_recyclerview.NumberPickerVirticalActivity" />
27-->src\main\AndroidManifest.xml:18:9-65
27-->src\main\AndroidManifest.xml:18:19-63
28        <!--
29        <activity
30            android:name=".wheel.SlotMachineActivity"
31            android:label="@string/app_name">
32            <intent-filter>
33                <action android:name="android.intent.action.MAIN" />
34                <category android:name="android.intent.category.LAUNCHER" />
35            </intent-filter>
36        </activity>
37        -->
38    </application>
39
40</manifest>